core id num=1
ROM : START=0x0 SIZE=2048
RAM : START=0x200000 SIZE=2048
RAM : START=0x5ff7000 SIZE=10240
RAM : START=0x7ff7000 SIZE=10240
ELF SET CACHE RIGION:addr=0x0 size=155 [KB]
Elf loading was succeeded:0x0 - 0x26f4c : 155.844 KB
Elf loading was succeeded:0x26f4c - 0x27490 : 1.324 KB
ELF SYMBOL SECTION LOADED:index=93
ELF SYMBOL SECTION LOADED:sym_num=1425
ELF STRING TABLE SECTION LOADED:index=94
[ l_app runner: V850E2M VCPU is powered on ]
DEBUG_FUNC_VDEV_TX_IPADDR = 172.22.240.1
VDEV:TX IPADDR=172.22.240.1
VDEV:TX PORTNO=54001
DEBUG_FUNC_VDEV_RX_IPADDR = 172.22.247.95
VDEV:RX IPADDR=172.22.247.95
VDEV:RX PORTNO=54002
ASSERTION FAILED:../src/device/peripheral/vdev/vdev_udp.c:device_init_vdev_udp:106:err == STD_E_OK
[ l_app runner: exit: Athrill2 was shutted down ]
[ l_app runner: duration of running: 0 secs in real-world time ]
