core id num=1
ROM : START=0x0 SIZE=2048
RAM : START=0x200000 SIZE=2048
RAM : START=0x5ff7000 SIZE=10240
RAM : START=0x7ff7000 SIZE=10240
ELF SET CACHE RIGION:addr=0x0 size=155 [KB]
Elf loading was succeeded:0x0 - 0x26d70 : 155.368 KB
Elf loading was succeeded:0x26d70 - 0x272a4 : 1.308 KB
ELF SYMBOL SECTION LOADED:index=93
ELF SYMBOL SECTION LOADED:sym_num=1419
ELF STRING TABLE SECTION LOADED:index=94
[ l_app runner: V850E2M VCPU is powered on ]
DEBUG_FUNC_VDEV_TX_IPADDR = 172.22.64.1
VDEV:TX IPADDR=172.22.64.1
VDEV:TX PORTNO=54001
DEBUG_FUNC_VDEV_RX_IPADDR = 172.22.68.204
VDEV:RX IPADDR=172.22.68.204
VDEV:RX PORTNO=54002
DEVICE_CONFIG_COMPLEMENTAL_TX_SENDING=1
DEVICE_CONFIG_RESET_AREA_OFFSET=68
DEVICE_CONFIG_RESET_AREA_SIZE=20
DEBUG_FUNC_FT_LOG_SIZE=1024
athrill_device_func_call=0x200528
[ l_app runner: Athrill2 is booted up ]
brick_dri initialized.
_____   ______ ___  ______
/ __/ | / /_  // _ /_  __/
/ _/ | |/ //_ </ , _/ / /
/___/ |___/____/_/|_| /_/

====================>Beta 7<=

Powered by TOPPERS/ASP3 RTOS of Hakoniwa
Initialization is completed..
[ l_app runner: EV3RT is booted up ]
[ l_app runner: EV3RT boot time: 0 secs. ]
